<?xml version="1.0" encoding="UTF-8"?>
<!-- Generated by org.testng.reporters.JUnitReportReporter -->
<testsuite hostname="Liron-PC" failures="0" tests="3" name="seleniumTestngMaven.loginUserTesting" time="7.926" errors="0" timestamp="2021-02-22T13:48:13 IST" skipped="0">
  <testcase classname="seleniumTestngMaven.loginUserTesting" name="standardUserLoginTest" time="0.192"/>
  <system-out/>
  <testcase classname="seleniumTestngMaven.loginUserTesting" name="performanceGlitchUserLoginTest" time="7.503"/>
  <system-out/>
  <testcase classname="seleniumTestngMaven.loginUserTesting" name="lockedOutUserLoginTest" time="0.231"/>
  <system-out/>
</testsuite> <!-- seleniumTestngMaven.loginUserTesting -->
